[16:15:11] [ServerMain/INFO]: Environment: authHost='https://authserver.mojang.com', accountsHost='https://api.mojang.com', sessionHost='https://sessionserver.mojang.com', servicesHost='https://api.minecraftservices.com', name='PROD'
[16:15:14] [ServerMain/INFO]: Loaded 7 recipes
[16:15:15] [Server thread/INFO]: Starting minecraft server version 1.19.4
[16:15:15] [Server thread/INFO]: Loading properties
[16:15:16] [Server thread/INFO]: This server is running CraftBukkit version 3699-Spigot-6ad4b93-f92c945 (MC: 1.19.4) (Implementing API version 1.19.4-R0.1-SNAPSHOT)
[16:15:16] [Server thread/INFO]: Debug logging is disabled
[16:15:16] [Server thread/INFO]: Server Ping Player Sample Count: 12
[16:15:16] [Server thread/INFO]: Using 4 threads for Netty based IO
[16:15:16] [Server thread/INFO]: Default game type: SURVIVAL
[16:15:16] [Server thread/INFO]: Generating keypair
[16:15:16] [Server thread/INFO]: Starting Minecraft server on *:40687
[16:15:16] [Server thread/INFO]: Using epoll channel type
[16:15:18] [Server thread/INFO]: [LuckPerms] Loading LuckPerms v5.4.40
[16:15:18] [Server thread/INFO]: [MOTD] Loading MOTD v2.3.9
[16:15:18] [Server thread/INFO]: [Vault] Loading Vault v1.7.3-b131
[16:15:18] [Server thread/INFO]: [MyCommand] Loading MyCommand v5.7.3
[16:15:18] [Server thread/INFO]: [LPC] Loading LPC v3.6.0
[16:15:18] [Server thread/INFO]: [TigerReports] Loading TigerReports v5.1.5
[16:15:18] [Server thread/INFO]: [WorldEdit] Loading WorldEdit v7.2.13+46576cc
[16:15:19] [Server thread/INFO]: Got request to register class com.sk89q.worldedit.bukkit.BukkitServerInterface with WorldEdit [com.sk89q.worldedit.extension.platform.PlatformManager@7bb370e3]
[16:15:19] [Server thread/INFO]: [Essentials] Loading Essentials v2.20.0-dev+45-bf14b88
[16:15:19] [Server thread/INFO]: [AdvancedBan] Loading AdvancedBan v2.3.0
[16:15:19] [Server thread/INFO]: [EssentialsSpawn] Loading EssentialsSpawn v2.20.0-dev+44-43d84de
[16:15:19] [Server thread/INFO]: [WorldGuard] Loading WorldGuard v7.0.1;f2118aa
[16:15:19] [Server thread/INFO]: [Citizens] Loading Citizens v2.0.31-SNAPSHOT (build 2987)
[16:15:19] [Server thread/INFO]: [IridiumSkyblock] Loading IridiumSkyblock v3.2.10-hotfix-1.2
[16:15:21] [Server thread/INFO]: [Multiverse-Core] Loading Multiverse-Core v4.3.1-b861
[16:15:21] [Server thread/INFO]: [LuckPerms] Enabling LuckPerms v5.4.40
[16:15:22] [Server thread/INFO]: [0;36;1m       [0;36;22m __    [m
[16:15:22] [Server thread/INFO]: [0;36;1m  |    [0;36;22m|__)   [0;32;22mLuckPerms[m [0;36;1mv5.4.40[m
[16:15:22] [Server thread/INFO]: [0;36;1m  |___ [0;36;22m|      [0;30;1mRunning on Bukkit - CraftBukkit[m
[16:15:22] [Server thread/INFO]: [m
[16:15:22] [Server thread/INFO]: [LuckPerms] Loading configuration...
[16:15:22] [Server thread/INFO]: [LuckPerms] Loading storage provider... [H2]
[16:15:23] [Server thread/INFO]: [LuckPerms] Loading internal permission managers...
[16:15:23] [Server thread/INFO]: [LuckPerms] Performing initial data load...
[16:15:24] [Server thread/INFO]: [LuckPerms] Successfully enabled. (took 2874ms)
[16:15:24] [Server thread/INFO]: [MOTD] Enabling MOTD v2.3.9
[16:15:24] [Server thread/INFO]: [Vault] Enabling Vault v1.7.3-b131
[16:15:24] [Server thread/WARN]: [Vault] Loaded class com.earth2me.essentials.api.Economy from Essentials v2.20.0-dev+45-bf14b88 which is not a depend or softdepend of this plugin.
[16:15:24] [Server thread/INFO]: [Vault] [Economy] Essentials Economy found: Waiting
[16:15:24] [Server thread/INFO]: [Vault] [Permission] SuperPermissions loaded as backup permission system.
[16:15:24] [Server thread/INFO]: [Vault] Enabled Version 1.7.3-b131
[16:15:24] [Server thread/INFO]: [LuckPerms] Registered Vault permission & chat hook.
[16:15:24] [Server thread/INFO]: [WorldEdit] Enabling WorldEdit v7.2.13+46576cc
[16:15:24] [Server thread/INFO]: Registering commands with com.sk89q.worldedit.bukkit.BukkitServerInterface
[16:15:24] [Server thread/INFO]: WEPIF: Vault detected! Using Vault for permissions
[16:15:25] [Server thread/WARN]: 
**********************************************
** This WorldEdit version does not fully support your version of Bukkit.
**
** When working with blocks or undoing, chests will be empty, signs
** will be blank, and so on. There will be no support for entity
** and block property-related functions.
**
** Please see https://worldedit.enginehub.org/en/latest/faq/#bukkit-adapters
**********************************************

[16:15:26] [Server thread/INFO]: [WorldEdit] ====================================================
[16:15:26] [Server thread/INFO]: [WorldEdit]  WorldEdit works better if you use Paper 
[16:15:26] [Server thread/INFO]: [WorldEdit]  as your server software. 
[16:15:26] [Server thread/INFO]: [WorldEdit]   
[16:15:26] [Server thread/INFO]: [WorldEdit]  Paper offers significant performance improvements,
[16:15:26] [Server thread/INFO]: [WorldEdit]  bug fixes, security enhancements and optional
[16:15:26] [Server thread/INFO]: [WorldEdit]  features for server owners to enhance their server.
[16:15:26] [Server thread/INFO]: [WorldEdit]   
[16:15:26] [Server thread/INFO]: [WorldEdit]  Paper includes Timings v2, which is significantly
[16:15:26] [Server thread/INFO]: [WorldEdit]  better at diagnosing lag problems over v1.
[16:15:26] [Server thread/INFO]: [WorldEdit]   
[16:15:26] [Server thread/INFO]: [WorldEdit]  All of your plugins should still work, and the
[16:15:26] [Server thread/INFO]: [WorldEdit]  Paper community will gladly help you fix any issues.
[16:15:26] [Server thread/INFO]: [WorldEdit]   
[16:15:26] [Server thread/INFO]: [WorldEdit]  Join the Paper Community @ https://papermc.io
[16:15:26] [Server thread/INFO]: [WorldEdit] ====================================================
[16:15:26] [Server thread/INFO]: Preparing level "Hub"
[16:15:26] [Server thread/INFO]: Preparing start region for dimension minecraft:overworld
[16:15:34] [Worker-Main-2/INFO]: Preparing spawn area: 0%
[16:15:34] [Worker-Main-2/INFO]: Preparing spawn area: 0%
[16:15:34] [Worker-Main-2/INFO]: Preparing spawn area: 0%
[16:15:34] [Worker-Main-2/INFO]: Preparing spawn area: 0%
[16:15:34] [Worker-Main-2/INFO]: Preparing spawn area: 0%
[16:15:34] [Worker-Main-2/INFO]: Preparing spawn area: 0%
[16:15:34] [Worker-Main-2/INFO]: Preparing spawn area: 0%
[16:15:34] [Worker-Main-2/INFO]: Preparing spawn area: 0%
[16:15:34] [Worker-Main-2/INFO]: Preparing spawn area: 0%
[16:15:34] [Worker-Main-2/INFO]: Preparing spawn area: 0%
[16:15:34] [Worker-Main-2/INFO]: Preparing spawn area: 0%
[16:15:34] [Worker-Main-2/INFO]: Preparing spawn area: 0%
[16:15:34] [Worker-Main-2/INFO]: Preparing spawn area: 0%
[16:15:34] [Worker-Main-2/INFO]: Preparing spawn area: 0%
[16:15:34] [Worker-Main-2/INFO]: Preparing spawn area: 0%
[16:15:34] [Worker-Main-2/INFO]: Preparing spawn area: 0%
[16:15:34] [Worker-Main-2/INFO]: Preparing spawn area: 0%
[16:15:35] [Worker-Main-1/INFO]: Preparing spawn area: 0%
[16:15:35] [Worker-Main-2/INFO]: Preparing spawn area: 0%
[16:15:35] [Worker-Main-1/INFO]: Preparing spawn area: 2%
[16:15:36] [Worker-Main-2/INFO]: Preparing spawn area: 3%
[16:15:36] [Worker-Main-1/INFO]: Preparing spawn area: 4%
[16:15:37] [Worker-Main-1/INFO]: Preparing spawn area: 30%
[16:15:37] [Server thread/INFO]: Time elapsed: 11359 ms
[16:15:37] [Server thread/INFO]: Preparing start region for dimension minecraft:the_nether
[16:15:44] [Worker-Main-1/INFO]: Preparing spawn area: 0%
[16:15:44] [Worker-Main-1/INFO]: Preparing spawn area: 0%
[16:15:44] [Worker-Main-1/INFO]: Preparing spawn area: 0%
[16:15:44] [Worker-Main-1/INFO]: Preparing spawn area: 0%
[16:15:44] [Worker-Main-1/INFO]: Preparing spawn area: 0%
[16:15:44] [Worker-Main-1/INFO]: Preparing spawn area: 0%
[16:15:44] [Worker-Main-1/INFO]: Preparing spawn area: 0%
[16:15:44] [Worker-Main-2/INFO]: Preparing spawn area: 0%
[16:15:44] [Worker-Main-2/INFO]: Preparing spawn area: 0%
[16:15:44] [Worker-Main-2/INFO]: Preparing spawn area: 0%
[16:15:44] [Worker-Main-2/INFO]: Preparing spawn area: 0%
[16:15:44] [Worker-Main-2/INFO]: Preparing spawn area: 0%
[16:15:44] [Worker-Main-2/INFO]: Preparing spawn area: 0%
[16:15:44] [Worker-Main-1/INFO]: Preparing spawn area: 0%
[16:15:44] [Worker-Main-1/INFO]: Preparing spawn area: 5%
[16:15:45] [Worker-Main-2/INFO]: Preparing spawn area: 42%
[16:15:45] [Worker-Main-2/INFO]: Preparing spawn area: 85%
[16:15:46] [Server thread/INFO]: Time elapsed: 8187 ms
[16:15:46] [Server thread/INFO]: Preparing start region for dimension minecraft:the_end
[16:15:50] [Worker-Main-2/INFO]: Preparing spawn area: 0%
[16:15:50] [Worker-Main-2/INFO]: Preparing spawn area: 0%
[16:15:50] [Worker-Main-2/INFO]: Preparing spawn area: 0%
[16:15:50] [Worker-Main-2/INFO]: Preparing spawn area: 0%
[16:15:50] [Worker-Main-2/INFO]: Preparing spawn area: 0%
[16:15:50] [Worker-Main-2/INFO]: Preparing spawn area: 0%
[16:15:50] [Worker-Main-2/INFO]: Preparing spawn area: 0%
[16:15:50] [Worker-Main-2/INFO]: Preparing spawn area: 0%
[16:15:50] [Worker-Main-1/INFO]: Preparing spawn area: 0%
[16:15:50] [Worker-Main-1/INFO]: Preparing spawn area: 1%
[16:15:51] [Worker-Main-2/INFO]: Preparing spawn area: 31%
[16:15:51] [Worker-Main-1/INFO]: Preparing spawn area: 68%
[16:15:52] [Server thread/INFO]: Time elapsed: 5983 ms
[16:15:52] [Server thread/INFO]: [MyCommand] Enabling MyCommand v5.7.3
[16:15:52] [Server thread/INFO]: *-=-=-=-=-=-=-=-=-* MyCommand v.5.7.3*-=-=-=-=-=-=-=-=-=-*
[16:15:52] [Server thread/INFO]: | Hooked on Vault 1.7.3-b131
[16:15:52] [Server thread/INFO]: | Command file(s) found : 1
[16:15:52] [Server thread/INFO]: | Config : Ready.
[16:15:52] [Server thread/INFO]: | ProtocolLib not found.
[16:15:52] [Server thread/INFO]: | PlaceholderAPI: Not Found
[16:15:52] [Server thread/INFO]: | Custom commands loaded : 44
[16:15:52] [Server thread/INFO]: | You're running the latest version of MyCommand.
[16:15:52] [Server thread/INFO]: |          by emmerrei a.k.a. ivanfromitaly.           
[16:15:52] [Server thread/INFO]: *-=-=-=-=-=-=-=-=-=-*   Done!   *-=-=-=-=-=-=-=-=-=-=-*
[16:15:52] [Server thread/INFO]: [LPC] Enabling LPC v3.6.0
[16:15:52] [Server thread/INFO]: [TigerReports] Enabling TigerReports v5.1.5
[16:15:52] [Server thread/INFO]: [TigerReports] Le plugin utilise les prefixes et suffixes du chat du plugin Vault pour afficher les noms des joueurs.
[16:15:52] [Server thread/INFO]: [Essentials] Enabling Essentials v2.20.0-dev+45-bf14b88
[16:15:52] [Server thread/INFO]: You are running a server with limited API functionality. EssentialsX will still work, but certain features may be disabled.
[16:15:52] [Server thread/WARN]: ยง4Version mismatch! Please update EssentialsSpawn to the same version.
[16:15:53] [Server thread/INFO]: Attempting to convert old kits in config.yml to new kits.yml
[16:15:53] [Server thread/INFO]: No kits found to migrate.
[16:15:53] [Server thread/INFO]: Loaded 38132 items from items.json.
[16:15:53] [Server thread/INFO]: Using locale en
[16:15:53] [Server thread/INFO]: ServerListPingEvent: Spigot iterator API
[16:15:53] [Server thread/INFO]: Starting Metrics. Opt-out using the global bStats config.
[16:15:53] [Server thread/INFO]: [Vault] [Economy] Essentials Economy hooked.
[16:15:53] [Server thread/INFO]: Using Vault based permissions (LuckPerms)
[16:15:53] [Server thread/INFO]: [AdvancedBan] Enabling AdvancedBan v2.3.0
[16:15:53] [Server thread/INFO]: HikariPool-1 - Starting...
[16:15:54] [Server thread/INFO]: HikariPool-1 - Driver does not support get/set network timeout for connections. (feature not supported)
[16:15:54] [Server thread/INFO]: HikariPool-1 - Start completed.
[16:15:54] [Server thread/INFO]: 
[16:15:54] [Server thread/INFO]:  
[16:15:54] [Server thread/INFO]: [0;30;1m[]=====[[0;37;22mEnabling AdvancedBan[0;30;1m]=====[]
[16:15:54] [Server thread/INFO]: [0;30;1m| [0;31;1mInformation:
[16:15:54] [Server thread/INFO]: [0;30;1m|   [0;31;1mName: [0;37;22mAdvancedBan
[16:15:54] [Server thread/INFO]: [0;30;1m|   [0;31;1mDeveloper: [0;37;22mLeoko
[16:15:54] [Server thread/INFO]: [0;30;1m|   [0;31;1mVersion: [0;37;22m2.3.0
[16:15:54] [Server thread/INFO]: [0;30;1m|   [0;31;1mStorage: [0;37;22mHSQLDB (local)
[16:15:54] [Server thread/INFO]: [0;30;1m| [0;31;1mSupport:
[16:15:54] [Server thread/INFO]: [0;30;1m|   [0;31;1mGithub: [0;37;22mhttps://github.com/DevLeoko/AdvancedBan/issues
[16:15:54] [Server thread/INFO]: [0;30;1m|   [0;31;1mDiscord: [0;37;22mhttps://discord.gg/ycDG6rS
[16:15:54] [Server thread/INFO]: [0;30;1m| [0;31;1mTwitter: [0;37;22m@LeokoGar
[16:15:54] [Server thread/INFO]: [0;30;1m| [0;31;1mUpdate:
[16:15:54] [Server thread/INFO]: [0;30;1m|   [0;37;22mYou have the newest version
[16:15:54] [Server thread/INFO]: [0;30;1m[]================================[][m
[16:15:54] [Server thread/INFO]:  [m
[16:15:54] [Server thread/INFO]: [EssentialsSpawn] Enabling EssentialsSpawn v2.20.0-dev+44-43d84de
[16:15:54] [Server thread/WARN]: ยง4Version mismatch! Please update all Essentials jars to the same version.
[16:15:54] [Server thread/INFO]: Starting Metrics. Opt-out using the global bStats config.
[16:15:54] [Server thread/INFO]: [WorldGuard] Enabling WorldGuard v7.0.1;f2118aa
[16:15:54] [Server thread/WARN]: [WorldGuard] Loaded class me.leoko.advancedban.shaded.org.hsqldb.jdbc.JDBCDriver from AdvancedBan v2.3.0 which is not a depend or softdepend of this plugin.
[16:15:55] [Server thread/INFO]: [WorldGuard] (Hub) TNT ignition is PERMITTED.
[16:15:55] [Server thread/INFO]: [WorldGuard] (Hub) Lighters are PERMITTED.
[16:15:55] [Server thread/INFO]: [WorldGuard] (Hub) Lava fire is PERMITTED.
[16:15:55] [Server thread/INFO]: [WorldGuard] (Hub) Fire spread is UNRESTRICTED.
[16:15:55] [Server thread/INFO]: [WorldGuard] Loaded configuration for world 'Hub'
[16:15:55] [Server thread/INFO]: [WorldGuard] (Hub_nether) TNT ignition is PERMITTED.
[16:15:55] [Server thread/INFO]: [WorldGuard] (Hub_nether) Lighters are PERMITTED.
[16:15:55] [Server thread/INFO]: [WorldGuard] (Hub_nether) Lava fire is PERMITTED.
[16:15:55] [Server thread/INFO]: [WorldGuard] (Hub_nether) Fire spread is UNRESTRICTED.
[16:15:55] [Server thread/INFO]: [WorldGuard] Loaded configuration for world 'Hub_nether'
[16:15:55] [Server thread/INFO]: [WorldGuard] (Hub_the_end) TNT ignition is PERMITTED.
[16:15:55] [Server thread/INFO]: [WorldGuard] (Hub_the_end) Lighters are PERMITTED.
[16:15:55] [Server thread/INFO]: [WorldGuard] (Hub_the_end) Lava fire is PERMITTED.
[16:15:55] [Server thread/INFO]: [WorldGuard] (Hub_the_end) Fire spread is UNRESTRICTED.
[16:15:55] [Server thread/INFO]: [WorldGuard] Loaded configuration for world 'Hub_the_end'
[16:15:55] [Server thread/INFO]: [WorldGuard] Loading region data...
[16:15:55] [Server thread/INFO]: [Citizens] Enabling Citizens v2.0.31-SNAPSHOT (build 2987)
[16:15:55] [Server thread/INFO]: [Citizens] Loading external libraries
[16:15:56] [Server thread/INFO]: [Citizens] Loaded economy handling via Vault.
[16:15:56] [Server thread/INFO]: [IridiumSkyblock] Enabling IridiumSkyblock v3.2.10-hotfix-1.2
[16:15:56] [Server thread/WARN]: [IridiumSkyblock] Loaded class me.leoko.advancedban.shaded.org.hsqldb.jdbc.JDBCDriver from AdvancedBan v2.3.0 which is not a depend or softdepend of this plugin.
[16:15:56] [Server thread/INFO]: Preparing start region for dimension minecraft:skyblock
[16:16:07] [Worker-Main-1/INFO]: Preparing spawn area: 0%
[16:16:07] [Worker-Main-2/INFO]: Preparing spawn area: 0%
[16:16:07] [Worker-Main-1/INFO]: Preparing spawn area: 0%
[16:16:07] [Worker-Main-1/INFO]: Preparing spawn area: 0%
[16:16:07] [Worker-Main-1/INFO]: Preparing spawn area: 0%
[16:16:07] [Worker-Main-2/INFO]: Preparing spawn area: 0%
[16:16:07] [Worker-Main-1/INFO]: Preparing spawn area: 0%
[16:16:07] [Worker-Main-2/INFO]: Preparing spawn area: 0%
[16:16:07] [Worker-Main-2/INFO]: Preparing spawn area: 0%
[16:16:07] [Worker-Main-1/INFO]: Preparing spawn area: 0%
[16:16:07] [Worker-Main-2/INFO]: Preparing spawn area: 0%
[16:16:07] [Worker-Main-1/INFO]: Preparing spawn area: 0%
[16:16:07] [Worker-Main-2/INFO]: Preparing spawn area: 0%
[16:16:07] [Worker-Main-1/INFO]: Preparing spawn area: 0%
[16:16:07] [Worker-Main-2/INFO]: Preparing spawn area: 0%
[16:16:07] [Worker-Main-2/INFO]: Preparing spawn area: 0%
[16:16:07] [Worker-Main-1/INFO]: Preparing spawn area: 0%
[16:16:07] [Worker-Main-2/INFO]: Preparing spawn area: 0%
[16:16:07] [Worker-Main-1/INFO]: Preparing spawn area: 0%
[16:16:08] [Worker-Main-2/INFO]: Preparing spawn area: 0%
[16:16:08] [Worker-Main-1/INFO]: Preparing spawn area: 0%
[16:16:08] [Worker-Main-2/INFO]: Preparing spawn area: 0%
[16:16:08] [Worker-Main-1/INFO]: Preparing spawn area: 0%
[16:16:08] [Worker-Main-2/INFO]: Preparing spawn area: 0%
[16:16:08] [Worker-Main-2/INFO]: Preparing spawn area: 0%
[16:16:09] [Worker-Main-1/INFO]: Preparing spawn area: 0%
[16:16:09] [Worker-Main-1/INFO]: Preparing spawn area: 14%
[16:16:10] [Worker-Main-1/INFO]: Preparing spawn area: 54%
[16:16:10] [Server thread/INFO]: Time elapsed: 13849 ms
[16:16:10] [Server thread/INFO]: [WorldGuard] (SkyBlock) TNT ignition is PERMITTED.
[16:16:10] [Server thread/INFO]: [WorldGuard] (SkyBlock) Lighters are PERMITTED.
[16:16:10] [Server thread/INFO]: [WorldGuard] (SkyBlock) Lava fire is PERMITTED.
[16:16:10] [Server thread/INFO]: [WorldGuard] (SkyBlock) Fire spread is UNRESTRICTED.
[16:16:10] [Server thread/INFO]: [WorldGuard] Loaded configuration for world 'SkyBlock'
[16:16:10] [Server thread/INFO]: Preparing start region for dimension minecraft:skyblock_nether
[16:16:14] [Worker-Main-1/INFO]: Preparing spawn area: 0%
[16:16:14] [Worker-Main-1/INFO]: Preparing spawn area: 0%
[16:16:14] [Worker-Main-2/INFO]: Preparing spawn area: 0%
[16:16:14] [Worker-Main-1/INFO]: Preparing spawn area: 0%
[16:16:14] [Worker-Main-1/INFO]: Preparing spawn area: 0%
[16:16:14] [Worker-Main-1/INFO]: Preparing spawn area: 0%
[16:16:14] [Worker-Main-1/INFO]: Preparing spawn area: 0%
[16:16:14] [Worker-Main-1/INFO]: Preparing spawn area: 0%
[16:16:14] [Worker-Main-1/INFO]: Preparing spawn area: 0%
[16:16:14] [Worker-Main-1/INFO]: Preparing spawn area: 15%
[16:16:15] [Worker-Main-2/INFO]: Preparing spawn area: 56%
[16:16:15] [Server thread/INFO]: Time elapsed: 5449 ms
[16:16:15] [Server thread/INFO]: [WorldGuard] (SkyBlock_nether) TNT ignition is PERMITTED.
[16:16:15] [Server thread/INFO]: [WorldGuard] (SkyBlock_nether) Lighters are PERMITTED.
[16:16:15] [Server thread/INFO]: [WorldGuard] (SkyBlock_nether) Lava fire is PERMITTED.
[16:16:15] [Server thread/INFO]: [WorldGuard] (SkyBlock_nether) Fire spread is UNRESTRICTED.
[16:16:15] [Server thread/INFO]: [WorldGuard] Loaded configuration for world 'SkyBlock_nether'
[16:16:15] [Server thread/INFO]: Preparing start region for dimension minecraft:skyblock_the_end
[16:16:19] [Worker-Main-1/INFO]: Preparing spawn area: 0%
[16:16:19] [Worker-Main-1/INFO]: Preparing spawn area: 0%
[16:16:19] [Worker-Main-1/INFO]: Preparing spawn area: 0%
[16:16:19] [Worker-Main-1/INFO]: Preparing spawn area: 0%
[16:16:19] [Worker-Main-2/INFO]: Preparing spawn area: 0%
[16:16:19] [Worker-Main-2/INFO]: Preparing spawn area: 0%
[16:16:19] [Worker-Main-2/INFO]: Preparing spawn area: 0%
[16:16:19] [Worker-Main-2/INFO]: Preparing spawn area: 0%
[16:16:19] [Worker-Main-2/INFO]: Preparing spawn area: 9%
[16:16:20] [Worker-Main-2/INFO]: Preparing spawn area: 49%
[16:16:20] [Worker-Main-2/INFO]: Preparing spawn area: 86%
[16:16:21] [Server thread/INFO]: Time elapsed: 5187 ms
[16:16:21] [Server thread/INFO]: [WorldGuard] (SkyBlock_the_end) TNT ignition is PERMITTED.
[16:16:21] [Server thread/INFO]: [WorldGuard] (SkyBlock_the_end) Lighters are PERMITTED.
[16:16:21] [Server thread/INFO]: [WorldGuard] (SkyBlock_the_end) Lava fire is PERMITTED.
[16:16:21] [Server thread/INFO]: [WorldGuard] (SkyBlock_the_end) Fire spread is UNRESTRICTED.
[16:16:21] [Server thread/INFO]: [WorldGuard] Loaded configuration for world 'SkyBlock_the_end'
[16:16:21] [Server thread/WARN]: [IridiumSkyblock] WorldEdit version doesn't support minecraft version, disabling WorldEdit integration
[16:16:21] [Server thread/WARN]: [IridiumSkyblock] Configuration error, selected paster [worldedit] is not available, available choices are [internal, internalAsync]
[16:16:21] [Server thread/INFO]: [IridiumSkyblock] ----------------------------------------
[16:16:21] [Server thread/INFO]: [IridiumSkyblock] 
[16:16:21] [Server thread/INFO]: [IridiumSkyblock] IridiumSkyblock Enabled!
[16:16:21] [Server thread/INFO]: [IridiumSkyblock] Version: 3.2.10-hotfix-1.2
[16:16:21] [Server thread/INFO]: [IridiumSkyblock] 
[16:16:21] [Server thread/INFO]: [IridiumSkyblock] ----------------------------------------
[16:16:21] [Server thread/INFO]: [Multiverse-Core] Enabling Multiverse-Core v4.3.1-b861
[16:16:21] [Server thread/WARN]: [Multiverse-Core] "Multiverse-Core v4.3.1-b861" has registered a listener for org.bukkit.event.entity.EntityCreatePortalEvent on method "public void com.onarandombox.MultiverseCore.listeners.MVPortalListener.entityPortalCreate(org.bukkit.event.entity.EntityCreatePortalEvent)", but the event is Deprecated. "Server performance will be affected"; please notify the authors [dumptruckman, Rigby, fernferret, lithium3141, main--].
[16:16:21] [Server thread/INFO]: [Multiverse-Core] ยงaWe are aware of the warning about the deprecated event. There is no alternative that allows us to do what we need to do and performance impact is negligible. It is safe to ignore.
[16:16:21] [Server thread/WARN]: [Multiverse-Core] WorldManager: Can't load this world because the folder was deleted/moved: world_the_end
[16:16:21] [Server thread/WARN]: [Multiverse-Core] Use '/mv remove' to remove it from the config!
[16:16:21] [Server thread/INFO]: Preparing start region for dimension minecraft:world
[16:16:25] [Worker-Main-1/INFO]: Preparing spawn area: 0%
[16:16:25] [Worker-Main-2/INFO]: Preparing spawn area: 0%
[16:16:25] [Worker-Main-1/INFO]: Preparing spawn area: 0%
[16:16:25] [Worker-Main-1/INFO]: Preparing spawn area: 0%
[16:16:25] [Worker-Main-1/INFO]: Preparing spawn area: 0%
[16:16:25] [Worker-Main-1/INFO]: Preparing spawn area: 0%
[16:16:25] [Worker-Main-1/INFO]: Preparing spawn area: 0%
[16:16:25] [Worker-Main-2/INFO]: Preparing spawn area: 0%
[16:16:25] [Worker-Main-2/INFO]: Preparing spawn area: 23%
[16:16:26] [Worker-Main-2/INFO]: Preparing spawn area: 80%
[16:16:26] [Server thread/INFO]: Time elapsed: 4657 ms
[16:16:26] [Server thread/INFO]: [WorldGuard] (world) TNT ignition is PERMITTED.
[16:16:26] [Server thread/INFO]: [WorldGuard] (world) Lighters are PERMITTED.
[16:16:26] [Server thread/INFO]: [WorldGuard] (world) Lava fire is PERMITTED.
[16:16:26] [Server thread/INFO]: [WorldGuard] (world) Fire spread is UNRESTRICTED.
[16:16:26] [Server thread/INFO]: [WorldGuard] Loaded configuration for world 'world'
[16:16:26] [Server thread/WARN]: [Multiverse-Core] WorldManager: Can't load this world because the folder was deleted/moved: world_nether
[16:16:26] [Server thread/WARN]: [Multiverse-Core] Use '/mv remove' to remove it from the config!
[16:16:26] [Server thread/WARN]: [Multiverse-Core] WorldManager: Can't load this world because the folder was deleted/moved: IridiumSkyblock_nether
[16:16:26] [Server thread/WARN]: [Multiverse-Core] Use '/mv remove' to remove it from the config!
[16:16:26] [Server thread/WARN]: [Multiverse-Core] WorldManager: Can't load this world because the folder was deleted/moved: IridiumSkyblock
[16:16:26] [Server thread/WARN]: [Multiverse-Core] Use '/mv remove' to remove it from the config!
[16:16:26] [Server thread/WARN]: [Multiverse-Core] WorldManager: Can't load this world because the folder was deleted/moved: IridiumSkyblock_the_end
[16:16:26] [Server thread/WARN]: [Multiverse-Core] Use '/mv remove' to remove it from the config!
[16:16:26] [Server thread/INFO]: [Multiverse-Core] 7 - World(s) loaded.
[16:16:26] [Server thread/WARN]: [Multiverse-Core] Buscript failed to load! The script command will be disabled! If you would like not to see this message, use `/mv conf enablebuscript false` to disable Buscript from loading.
[16:16:26] [Server thread/INFO]: [Multiverse-Core] Version 4.3.1-b861 (API v24) Enabled - By dumptruckman, Rigby, fernferret, lithium3141 and main--
[16:16:26] [Server thread/INFO]: Server permissions file permissions.yml is empty, ignoring it
[16:16:27] [Server thread/INFO]: Done (60.950s)! For help, type "help"
[16:16:27] [Server thread/INFO]: Starting GS4 status listener
[16:16:27] [Server thread/INFO]: Thread Query Listener started
[16:16:27] [Query Listener #1/INFO]: Query running on 0.0.0.0:40687
[16:16:27] [Server thread/INFO]: Essentials found a compatible payment resolution method: Vault Compatibility Layer (v1.7.3-b131)!
[16:16:27] [Craft Scheduler Thread - 1/INFO]: ยง6Fetching version information...
[16:16:27] [Craft Scheduler Thread - 0/INFO]: [TigerReports] Le plugin utilise la base de donnees SQLite (par defaut).
[16:16:27] [Craft Scheduler Thread - 0/WARN]: [TigerReports] Loaded class me.leoko.advancedban.shaded.org.hsqldb.jdbc.JDBCDriver from AdvancedBan v2.3.0 which is not a depend or softdepend of this plugin.
[16:16:27] [Server thread/INFO]: [Citizens] Loaded 2 NPCs.
[16:16:27] [Craft Scheduler Thread - 2/INFO]: [Vault] Checking for Updates ... 
[16:16:27] [Server thread/INFO]: [TigerReports] Le plugin utilise BungeeCord.
[16:16:27] [Server thread/INFO]: [IridiumSkyblock] You are using the latest version of IridiumSkyblock.
[16:16:27] [Craft Scheduler Thread - 2/INFO]: [Vault] No new version available
[16:21:56] [User Authenticator #1/INFO]: UUID of player AvezzaMC is cb2de85c-b29b-4f71-bb51-ef6591c7a15c
[16:21:56] [Server thread/INFO]: AvezzaMC joined the game
[16:21:57] [Server thread/INFO]: AvezzaMC[/62.65.198.246:57784] logged in with entity id 68 at ([SkyBlock]0.6620221138429248, 88.5, 0.0601718119237877)
[16:21:57] [Server thread/WARN]: Permissions lag notice with (LuckPermsHandler). Response took 27.210585ms. Summary: Getting group for AvezzaMC
[16:22:01] [Server thread/INFO]: AvezzaMC issued server command: /spawn
[16:22:09] [Server thread/INFO]: AvezzaMC issued server command: /rules
[16:22:13] [Server thread/INFO]: AvezzaMC issued server command: /is
[16:22:13] [Craft Scheduler Thread - 5/INFO]: [NBTAPI] Found Spigot: v1_19_R3! Trying to find NMS support
[16:22:13] [Craft Scheduler Thread - 5/WARN]: [NBTAPI] This Server-Version(v1_19_R3) is not supported by this NBT-API Version(2.11.1) located at com.iridium.iridiumcore.dependencies.nbtapi.utils.MinecraftVersion. The NBT-API will try to work as good as it can! Some functions may not work!
[16:22:13] [Craft Scheduler Thread - 5/INFO]: [NBTAPI] Found Gson: class com.google.gson.Gson
[16:22:14] [Thread-29/WARN]: [NBTAPI] The NBT-API located at 'package com.iridium.iridiumcore.dependencies.nbtapi' seems to be outdated!
[16:22:14] [Thread-29/WARN]: [NBTAPI] Current Version: '2.11.1' Newest Version: 2.11.2'
[16:22:14] [Thread-29/WARN]: [NBTAPI] Please update the NBTAPI or the plugin that contains the api(nag the mod author when the newest release has an old version, not the NBTAPI dev)!
[16:22:29] [Server thread/INFO]: AvezzaMC lost connection: Disconnected
[16:22:29] [Server thread/INFO]: AvezzaMC left the game
[16:22:29] [Server thread/WARN]: handleDisconnection() called twice
